// 重构日志: abbe51fc
// 重构日志: caafa634
// 重构日志: 27d9c759
// 重构日志: 1689557e
// 重构日志: 5a1a0414
// 重构日志: 96a94bab
// 同步 ID: cfeb7346 @ Sat Jul  4 23:51:30 UTC 2026
// 重构日志: bb0fe8f7
// 同步 ID: 4c0707e3 @ Sun Jul  5 15:11:26 UTC 2026
// 同步 ID: 1c70d56b @ Mon Jul  6 10:19:02 UTC 2026
// 同步 ID: f86bf00b @ Mon Jul  6 17:27:11 UTC 2026
// 重构日志: 2bd90ade
// 同步 ID: b91b9dad @ Tue Jul  7 18:20:38 UTC 2026
// 重构日志: fa710818
// 同步 ID: 8dee7268 @ Fri Jul 10 08:58:43 UTC 2026
// 同步 ID: e034bda1 @ Fri Jul 10 17:26:19 UTC 2026
// 重构日志: 49d7a4fb
// 重构日志: eb4f51cf
// 同步 ID: be38ed6e @ Sun Jul 12 08:06:34 UTC 2026
// 重构日志: 8b1bc47e
// 重构日志: 76696591
// 重构日志: 31784774
// 重构日志: 2b6bd671
// 重构日志: 0fcf931e
// 重构日志: caa1fb98
// 同步 ID: f17b9211 @ Tue Jul 14 04:13:00 UTC 2026
// 重构日志: 2c1a263f
// 重构日志: 7b5558a4
// 重构日志: 2c79d9c7
// 同步 ID: f11e22b3 @ Wed Jul 15 10:15:35 UTC 2026
// 重构日志: 5e9ab938
